<?xml version="1.0" encoding="UTF-8"?>
<!-- Generated by org.testng.reporters.JUnitReportReporter -->
<testsuite hostname="admin-tpdev1" name="com.bikash.google.GoogleHomePage" tests="1" failures="0" timestamp="19 Apr 2016 12:53:19 GMT" time="7.862" errors="0">
  <testcase name="googleHome" time="7.862" classname="com.bikash.google.GoogleHomePage"/>
</testsuite> <!-- com.bikash.google.GoogleHomePage -->
