<?xml version="1.0" encoding="UTF-8"?>
<!-- Generated by org.testng.reporters.JUnitReportReporter -->
<testsuite hostname="admin-tpdev1" name="com.bikash.google.GoogleHomePage" tests="1" failures="0" timestamp="19 Apr 2016 02:40:48 GMT" time="5.146" errors="0">
  <testcase name="googleHome" time="5.146" classname="com.bikash.google.GoogleHomePage"/>
</testsuite> <!-- com.bikash.google.GoogleHomePage -->
